<?xml version="1.0" encoding="UTF-8"?>
<testsuites>
  <testsuite name="CodeIgniter Application Test Suite" tests="16" assertions="24" failures="1" errors="0" time="1.739487">
    <testsuite name="Ciauth_test" file="/home/frederic/git/citemplate/application/tests/controllers/Ciauth_test.php" fullPackage="Ciauth" tests="4" assertions="8" failures="0" errors="0" time="0.232333">
      <testcase name="test_index" class="Ciauth_test" file="/home/frederic/git/citemplate/application/tests/controllers/Ciauth_test.php" line="13" assertions="3" time="0.072692"/>
      <testcase name="test_register" class="Ciauth_test" file="/home/frederic/git/citemplate/application/tests/controllers/Ciauth_test.php" line="21" assertions="2" time="0.067970"/>
      <testcase name="test_login" class="Ciauth_test" file="/home/frederic/git/citemplate/application/tests/controllers/Ciauth_test.php" line="28" assertions="2" time="0.066229"/>
      <testcase name="test_method_404" class="Ciauth_test" file="/home/frederic/git/citemplate/application/tests/controllers/Ciauth_test.php" line="35" assertions="1" time="0.025442"/>
    </testsuite>
    <testsuite name="Dev_test" file="/home/frederic/git/citemplate/application/tests/controllers/Dev_test.php" fullPackage="Dev" tests="2" assertions="2" failures="0" errors="0" time="0.082798">
      <testcase name="test_index" class="Dev_test" file="/home/frederic/git/citemplate/application/tests/controllers/Dev_test.php" line="13" assertions="1" time="0.043645"/>
      <testcase name="test_method_404" class="Dev_test" file="/home/frederic/git/citemplate/application/tests/controllers/Dev_test.php" line="19" assertions="1" time="0.039153"/>
    </testsuite>
    <testsuite name="Metadata_test" file="/home/frederic/git/citemplate/application/tests/controllers/Metadata_test.php" fullPackage="Metadata" tests="3" assertions="5" failures="0" errors="0" time="0.139957">
      <testcase name="test_index" class="Metadata_test" file="/home/frederic/git/citemplate/application/tests/controllers/Metadata_test.php" line="13" assertions="2" time="0.066465"/>
      <testcase name="test_test" class="Metadata_test" file="/home/frederic/git/citemplate/application/tests/controllers/Metadata_test.php" line="20" assertions="2" time="0.054175"/>
      <testcase name="test_method_404" class="Metadata_test" file="/home/frederic/git/citemplate/application/tests/controllers/Metadata_test.php" line="28" assertions="1" time="0.019317"/>
    </testsuite>
    <testsuite name="Welcome_test" file="/home/frederic/git/citemplate/application/tests/controllers/Welcome_test.php" fullPackage="Welcome" tests="3" assertions="3" failures="0" errors="0" time="0.085182">
      <testcase name="test_index" class="Welcome_test" file="/home/frederic/git/citemplate/application/tests/controllers/Welcome_test.php" line="13" assertions="1" time="0.043934"/>
      <testcase name="test_method_404" class="Welcome_test" file="/home/frederic/git/citemplate/application/tests/controllers/Welcome_test.php" line="19" assertions="1" time="0.019386"/>
      <testcase name="test_APPPATH" class="Welcome_test" file="/home/frederic/git/citemplate/application/tests/controllers/Welcome_test.php" line="25" assertions="1" time="0.021862"/>
    </testsuite>
    <testsuite name="Log_helper_test" file="/home/frederic/git/citemplate/application/tests/helpers/Log_helper_test.php" fullPackage="Log.helper" tests="1" assertions="2" failures="0" errors="0" time="1.052741">
      <testcase name="test_loaded" class="Log_helper_test" file="/home/frederic/git/citemplate/application/tests/helpers/Log_helper_test.php" line="25" assertions="2" time="1.052741"/>
    </testsuite>
    <testsuite name="Metadata_helper_test" file="/home/frederic/git/citemplate/application/tests/helpers/Metadata_helper_test.php" fullPackage="Metadata.helper" tests="1" assertions="2" failures="0" errors="0" time="0.052747">
      <testcase name="test_loaded" class="Metadata_helper_test" file="/home/frederic/git/citemplate/application/tests/helpers/Metadata_helper_test.php" line="20" assertions="2" time="0.052747"/>
    </testsuite>
    <testsuite name="Logger_test" file="/home/frederic/git/citemplate/application/tests/libraries/Logger_test.php" fullPackage="Logger" tests="1" assertions="1" failures="0" errors="0" time="0.044876">
      <testcase name="test_instance" class="Logger_test" file="/home/frederic/git/citemplate/application/tests/libraries/Logger_test.php" line="11" assertions="1" time="0.044876"/>
    </testsuite>
    <testsuite name="Metadata_model_test" file="/home/frederic/git/citemplate/application/tests/models/Metadata_model_test.php" fullPackage="Metadata.model" tests="1" assertions="1" failures="1" errors="0" time="0.048854">
      <testcase name="test_get_category_list" class="Metadata_model_test" file="/home/frederic/git/citemplate/application/tests/models/Metadata_model_test.php" line="12" assertions="1" time="0.048854">
        <failure type="PHPUnit_Framework_ExpectationFailedException">Metadata_model_test::test_get_category_list
Correct number of tables
Failed asserting that 9 matches expected 10.

/home/frederic/git/citemplate/application/tests/models/Metadata_model_test.php:16
</failure>
      </testcase>
    </testsuite>
  </testsuite>
</testsuites>
