<?xml version="1.0" encoding="UTF-8"?>
<testsuites>
  <testsuite name="Bootstrap_test" file="/home/frederic/git/citemplate/application/tests/controllers/Bootstrap_test.php" fullPackage="Bootstrap" tests="2" assertions="2" failures="0" errors="0" time="0.070848">
    <testcase name="test_starter" class="Bootstrap_test" file="/home/frederic/git/citemplate/application/tests/controllers/Bootstrap_test.php" line="13" assertions="1" time="0.050340"/>
    <testcase name="test_method_404" class="Bootstrap_test" file="/home/frederic/git/citemplate/application/tests/controllers/Bootstrap_test.php" line="19" assertions="1" time="0.020508"/>
  </testsuite>
</testsuites>
